#
# A fatal error has been detected by the Java Runtime Environment:
#
#  SIGSEGV (0xb) at pc=0xa74d075d, pid=19585, tid=1974811456
#
# JRE version: Java(TM) SE Runtime Environment (8.0_91-b14) (build 1.8.0_91-b14)
# Java VM: Java HotSpot(TM) Server VM (25.91-b14 mixed mode linux-x86 )
# Problematic frame:
# v  ~BufferBlob::jni_fast_GetLongField
#
# Failed to write core dump. Core dumps have been disabled. To enable core dumping, try "ulimit -c unlimited" before starting Java again
#
# If you would like to submit a bug report, please visit:
#   http://bugreport.java.com/bugreport/crash.jsp
# The crash happened outside the Java Virtual Machine in native code.
# See problematic frame for where to report the bug.
#

---------------  T H R E A D  ---------------

Current thread (0x764df800):  JavaThread "AWT-XAWT" daemon [_thread_in_native, id=19598, stack(0x75b03000,0x75b54000)]

siginfo: si_signo: 11 (SIGSEGV), si_code: 1 (SEGV_MAPERR), si_addr: 0x00000000

Registers:
EAX=0x00000000, EBX=0x75dfd624, ECX=0x00000032, EDX=0x00000000
ESP=0x75b52c18, EBP=0x75b52c58, ESI=0x00000042, EDI=0x00000000
EIP=0xa74d075d, EFLAGS=0x00010246, CR2=0x00000000

Top of Stack: (sp=0x75b52c18)
0x75b52c18:   764df938 75de711d 764df938 00000000
0x75b52c28:   00000042 73438600 764a8ba0 764df938
0x75b52c38:   75b52c58 00000000 b707d7a4 00010002
0x75b52c48:   764ade1c 75dae000 75990728 00000000
0x75b52c58:   75990728 75cc2c6b 75990728 00000000
0x75b52c68:   00000000 75dae000 764a29c0 764a8ba0
0x75b52c78:   75cc2c09 75dae000 75990d90 01000003
0x75b52c88:   75e25540 75cba3dc 75990728 764a8ba0 

Instructions: (pc=0xa74d075d)
0xa74d073d:   00 00 00 56 8b 0d e8 5e 0a b7 f6 c1 01 0f 85 30
0xa74d074d:   00 00 00 8b c1 83 e0 01 8b 54 04 0c 8b 74 24 10
0xa74d075d:   8b 12 c1 ee 02 8b 04 32 8b 54 32 04 be e8 5e 0a
0xa74d076d:   b7 33 f2 33 f0 33 f2 33 f0 3b 0e 0f 85 02 00 00 

Register to memory mapping:

EAX=0x00000000 is an unknown value
EBX=0x75dfd624: <offset 0x4c624> in /usr/lib/jvm/java-8-oracle/jre/lib/i386/libawt_xawt.so at 0x75db1000
ECX=0x00000032 is an unknown value
EDX=0x00000000 is an unknown value
ESP=0x75b52c18 is pointing into the stack for thread: 0x764df800
EBP=0x75b52c58 is pointing into the stack for thread: 0x764df800
ESI=0x00000042 is an unknown value
EDI=0x00000000 is an unknown value


Stack: [0x75b03000,0x75b54000],  sp=0x75b52c18,  free space=319k
Native frames: (J=compiled Java code, j=interpreted, Vv=VM code, C=native code)
v  ~BufferBlob::jni_fast_GetLongField
C  [libX11.so.6+0x5cc6b]  _XimServerDestroy+0x6b

Java frames: (J=compiled Java code, j=interpreted, Vv=VM code)
J 698  sun.awt.X11.XlibWrapper.XFilterEvent(JJ)Z (0 bytes) @ 0xa765acf6 [0xa765aca0+0x56]
j  sun.awt.X11.XToolkit.run(Z)V+300
j  sun.awt.X11.XToolkit.run()V+5
j  java.lang.Thread.run()V+11
v  ~StubRoutines::call_stub

---------------  P R O C E S S  ---------------

Java Threads: ( => current thread )
  0x7598c800 JavaThread "TimerQueue" daemon [_thread_blocked, id=19601, stack(0x7557e000,0x755cf000)]
  0x7590b800 JavaThread "AWT-EventQueue-0" [_thread_blocked, id=19600, stack(0x7575e000,0x757af000)]
  0x7590a800 JavaThread "AWT-Shutdown" [_thread_blocked, id=19599, stack(0x757af000,0x75800000)]
=>0x764df800 JavaThread "AWT-XAWT" daemon [_thread_in_native, id=19598, stack(0x75b03000,0x75b54000)]
  0x764cb800 JavaThread "Java2D Disposer" daemon [_thread_blocked, id=19597, stack(0x75b66000,0x75bb7000)]
  0x76439400 JavaThread "Service Thread" daemon [_thread_blocked, id=19595, stack(0x7605c000,0x760ad000)]
  0x76436400 JavaThread "C1 CompilerThread1" daemon [_thread_blocked, id=19594, stack(0x760ad000,0x7612e000)]
  0x76434400 JavaThread "C2 CompilerThread0" daemon [_thread_blocked, id=19593, stack(0x7612e000,0x761af000)]
  0x76432c00 JavaThread "Signal Dispatcher" daemon [_thread_blocked, id=19592, stack(0x761af000,0x76200000)]
  0x76418800 JavaThread "Finalizer" daemon [_thread_blocked, id=19591, stack(0x76505000,0x76556000)]
  0x76415c00 JavaThread "Reference Handler" daemon [_thread_blocked, id=19590, stack(0x78705000,0x78756000)]
  0xb6507000 JavaThread "main" [_thread_in_native, id=19586, stack(0xb6604000,0xb6655000)]

Other Threads:
  0x76411000 VMThread [stack: 0x76556000,0x765d7000] [id=19589]
  0x7643b400 WatcherThread [stack: 0x75fdb000,0x7605c000] [id=19596]

VM state:not at safepoint (normal execution)

VM Mutex/Monitor currently owned by a thread: None

Heap:
 PSYoungGen      total 14336K, used 5659K [0x97980000, 0x98980000, 0xa7000000)
  eden space 12288K, 46% used [0x97980000,0x97f06c90,0x98580000)
  from space 2048K, 0% used [0x98780000,0x98780000,0x98980000)
  to   space 2048K, 0% used [0x98580000,0x98580000,0x98780000)
 ParOldGen       total 32768K, used 0K [0x78c00000, 0x7ac00000, 0x97980000)
  object space 32768K, 0% used [0x78c00000,0x78c00000,0x7ac00000)
 Metaspace       used 8089K, capacity 8275K, committed 8344K, reserved 8496K

Card table byte_map: [0x78a8d000,0x78c00000] byte_map_base: 0x786c7000

Marking Bits: (ParMarkBitMap*) 0xb70a5bc0
 Begin Bits: [0x76ee0000, 0x77a70000)
 End Bits:   [0x77a70000, 0x78600000)

Polling page: 0xb76cf000

CodeCache: size=245760Kb used=2263Kb max_used=2274Kb free=243496Kb
 bounds [0xa747b000, 0xa76bb000, 0xb647b000]
 total_blobs=1062 nmethods=786 adapters=192
 compilation: enabled

Compilation events (10 events):
Event: 225.407 Thread 0x76436400 nmethod 781 0xa76afa88 code [0xa76afb80, 0xa76afc80]
Event: 225.407 Thread 0x76436400  780       3       java.lang.invoke.MethodType$ConcurrentWeakInternSet$WeakEntry::equals (49 bytes)
Event: 225.407 Thread 0x76436400 nmethod 780 0xa76af388 code [0xa76af4c0, 0xa76af98c]
Event: 225.407 Thread 0x76436400  783       3       sun.invoke.util.Wrapper::forBasicType (16 bytes)
Event: 225.408 Thread 0x76436400 nmethod 783 0xa76aefc8 code [0xa76af100, 0xa76af2b8]
Event: 225.408 Thread 0x76436400  785       3       jdk.internal.org.objectweb.asm.Item::<init> (5 bytes)
Event: 225.408 Thread 0x76436400 nmethod 785 0xa76aed08 code [0xa76aee20, 0xa76aef40]
Event: 225.448 Thread 0x76434400 nmethod 784 0xa76b4288 code [0xa76b43a0, 0xa76b47b0]
Event: 260.794 Thread 0x76436400  786       3       java.util.Vector$Itr::hasNext (20 bytes)
Event: 260.794 Thread 0x76436400 nmethod 786 0xa76aea48 code [0xa76aeb60, 0xa76aec80]

GC Heap History (0 events):
No events

Deoptimization events (4 events):
Event: 6.677 Thread 0x7590b800 Uncommon trap: reason=class_check action=maybe_recompile pc=0xa7559804 method=java.lang.String.equals(Ljava/lang/Object;)Z @ 8
Event: 6.677 Thread 0x7590b800 Uncommon trap: reason=class_check action=maybe_recompile pc=0xa7559804 method=java.lang.String.equals(Ljava/lang/Object;)Z @ 8
Event: 11.357 Thread 0x7590b800 Uncommon trap: reason=class_check action=maybe_recompile pc=0xa7559804 method=java.lang.String.equals(Ljava/lang/Object;)Z @ 8
Event: 11.357 Thread 0x7590b800 Uncommon trap: reason=class_check action=maybe_recompile pc=0xa7559804 method=java.lang.String.equals(Ljava/lang/Object;)Z @ 8

Internal exceptions (10 events):
Event: 0.057 Thread 0xb6507000 Exception <a 'java/lang/NoSuchMethodError': Method sun.misc.Unsafe.prefetchRead(Ljava/lang/Object;J)V name or signature does not match> (0x97987170) thrown at [/HUDSON/workspace/8-2-build-linux-i586/jdk8u91/6644/hotspot/src/share/vm/prims/jni.cpp, line 40
Event: 0.209 Thread 0xb6507000 Exception <a 'java/security/PrivilegedActionException'> (0x979eef48) thrown at [/HUDSON/workspace/8-2-build-linux-i586/jdk8u91/6644/hotspot/src/share/vm/prims/jvm.cpp, line 1386]
Event: 0.209 Thread 0xb6507000 Exception <a 'java/security/PrivilegedActionException'> (0x979ef148) thrown at [/HUDSON/workspace/8-2-build-linux-i586/jdk8u91/6644/hotspot/src/share/vm/prims/jvm.cpp, line 1386]
Event: 0.210 Thread 0xb6507000 Exception <a 'java/security/PrivilegedActionException'> (0x979f1350) thrown at [/HUDSON/workspace/8-2-build-linux-i586/jdk8u91/6644/hotspot/src/share/vm/prims/jvm.cpp, line 1386]
Event: 0.210 Thread 0xb6507000 Exception <a 'java/security/PrivilegedActionException'> (0x979f1550) thrown at [/HUDSON/workspace/8-2-build-linux-i586/jdk8u91/6644/hotspot/src/share/vm/prims/jvm.cpp, line 1386]
Event: 0.328 Thread 0xb6507000 Exception <a 'java/lang/NoSuchFieldError': method resolution failed> (0x97aec0a0) thrown at [/HUDSON/workspace/8-2-build-linux-i586/jdk8u91/6644/hotspot/src/share/vm/prims/methodHandles.cpp, line 1146]
Event: 0.335 Thread 0xb6507000 Exception <a 'java/lang/NoSuchFieldError': method resolution failed> (0x97af8650) thrown at [/HUDSON/workspace/8-2-build-linux-i586/jdk8u91/6644/hotspot/src/share/vm/prims/methodHandles.cpp, line 1146]
Event: 0.410 Thread 0xb6507000 Exception <a 'java/io/FileNotFoundException'> (0x97b6ec78) thrown at [/HUDSON/workspace/8-2-build-linux-i586/jdk8u91/6644/hotspot/src/share/vm/prims/jni.cpp, line 709]
Event: 0.410 Thread 0xb6507000 Exception <a 'java/io/FileNotFoundException'> (0x97b6f588) thrown at [/HUDSON/workspace/8-2-build-linux-i586/jdk8u91/6644/hotspot/src/share/vm/prims/jni.cpp, line 709]
Event: 1.357 Thread 0x7590b800 Exception <a 'java/lang/UnsupportedOperationException': > (0x97cbf608) thrown at [/HUDSON/workspace/8-2-build-linux-i586/jdk8u91/6644/hotspot/src/share/vm/prims/jni.cpp, line 735]

Events (10 events):
Event: 225.366 loading class sun/awt/X11/XSelectionClearEvent
Event: 225.400 loading class sun/awt/X11/XSelectionClearEvent done
Event: 225.401 Executing VM operation: RevokeBias
Event: 225.401 Executing VM operation: RevokeBias done
Event: 225.412 Executing VM operation: RevokeBias
Event: 225.412 Executing VM operation: RevokeBias done
Event: 260.209 loading class sun/awt/X11/XDestroyWindowEvent
Event: 260.209 loading class sun/awt/X11/XDestroyWindowEvent done
Event: 261.123 loading class sun/awt/X11/XQueryTree
Event: 261.133 loading class sun/awt/X11/XQueryTree done


Dynamic libraries:
08048000-08049000 r-xp 00000000 08:08 323892     /usr/lib/jvm/java-8-oracle/jre/bin/java
08049000-0804a000 rw-p 00000000 08:08 323892     /usr/lib/jvm/java-8-oracle/jre/bin/java
08fd6000-090ae000 rw-p 00000000 00:00 0          [heap]
74c00000-74c29000 rw-p 00000000 00:00 0 
74c29000-74d00000 ---p 00000000 00:00 0 
74e00000-74ffa000 rw-p 00000000 00:00 0 
74ffa000-75000000 ---p 00000000 00:00 0 
75000000-75100000 rw-p 00000000 00:00 0 
75162000-75242000 rw-p 00000000 00:00 0 
75242000-75262000 ---p 00000000 00:00 0 
75262000-75423000 rw-p 00000000 00:00 0 
75423000-75424000 r--s 00000000 08:08 147894     /var/cache/fontconfig/087e1975ba9a574b140bb1df193bf770-le32d4.cache-4
75424000-7542e000 r--s 00000000 08:08 147893     /var/cache/fontconfig/6aa41aa22e18b8fa06a12da28ea9c28b-le32d4.cache-4
7542e000-7542f000 r--s 00000000 08:08 144041     /var/cache/fontconfig/c05880de57d1f5e948fdfacc138775d9-le32d4.cache-4
7542f000-75437000 r--s 00000000 08:08 144033     /var/cache/fontconfig/945677eb7aeaf62f1d50efc3fb3ec7d8-le32d4.cache-4
75437000-7543b000 r--s 00000000 08:08 144018     /var/cache/fontconfig/2cd17615ca594fa2959ae173292e504c-le32d4.cache-4
7543b000-75440000 r--s 00000000 08:08 147237     /var/cache/fontconfig/6eb3985aa4124903f6ff08ba781cd364-le32d4.cache-4
75440000-75441000 r--s 00000000 08:08 144015     /var/cache/fontconfig/0d8c3b2ac0904cb8a57a757ad11a4a08-le32d4.cache-4
75441000-75446000 r--s 00000000 08:08 144037     /var/cache/fontconfig/a755afe4a08bf5b97852ceb7400b47bc-le32d4.cache-4
75446000-75449000 r--s 00000000 08:08 146902     /var/cache/fontconfig/6d41288fd70b0be22e8c3a91e032eec0-le32d4.cache-4
75449000-7544a000 r--s 00000000 08:08 144036     /var/cache/fontconfig/a6354e3ac43af67bd8d7b8e43c34e49f-le32d4.cache-4
7544a000-7545a000 r--s 00000000 08:08 144013     /var/cache/fontconfig/04aabc0a78ac019cf9454389977116d2-le32d4.cache-4
7545a000-7545b000 r--s 00000000 08:08 144017     /var/cache/fontconfig/1ac9eb803944fde146138c791f5cc56a-le32d4.cache-4
7545b000-7545c000 r--s 00000000 08:08 147892     /var/cache/fontconfig/b95bc8ffbebda2bbdae4265e45b8178d-le32d4.cache-4
7545c000-7545f000 r--s 00000000 08:08 144021     /var/cache/fontconfig/385c0604a188198f04d133e54aba7fe7-le32d4.cache-4
7545f000-75460000 r--s 00000000 08:08 147891     /var/cache/fontconfig/9c956a7723ca69a44b382d9179c9802f-le32d4.cache-4
75460000-75461000 r--s 00000000 08:08 144048     /var/cache/fontconfig/dc05db6664285cc2f12bf69c139ae4c3-le32d4.cache-4
75461000-75462000 r--s 00000000 08:08 147890     /var/cache/fontconfig/5d1cca7074f29429a8d18692746c2426-le32d4.cache-4
75462000-75464000 r--s 00000000 08:08 144030     /var/cache/fontconfig/767a8244fc0220cfb567a839d0392e0b-le32d4.cache-4
75464000-75465000 r--s 00000000 08:08 134458     /var/cache/fontconfig/4794a0821666d79190d59a36cb4f44b5-le32d4.cache-4
75465000-75466000 r--s 00000000 08:08 147889     /var/cache/fontconfig/9eae20f1ff8cc0a7d125749e875856bd-le32d4.cache-4
75466000-75468000 r--s 00000000 08:08 147888     /var/cache/fontconfig/bf2c1853a9e9b00bb02fe2e9bcf1e201-le32d4.cache-4
75468000-7546c000 r--s 00000000 08:08 144032     /var/cache/fontconfig/8801497958630a81b71ace7c5f9b32a8-le32d4.cache-4
7546c000-7546f000 r--s 00000000 08:08 144260     /var/cache/fontconfig/c57959a16110560c8d0fcea73374aeeb-le32d4.cache-4
7546f000-75470000 r--s 00000000 08:08 144040     /var/cache/fontconfig/bab58bb527bb656aaa9f116d68a48d89-le32d4.cache-4
75470000-75475000 r--s 00000000 08:08 144019     /var/cache/fontconfig/3047814df9a2f067bd2d96a2b9c36e5a-le32d4.cache-4
75475000-7547b000 r--s 00000000 08:08 147887     /var/cache/fontconfig/bf3b770c553c462765856025a94f1ce6-le32d4.cache-4
7547b000-7547c000 r--s 00000000 08:08 144026     /var/cache/fontconfig/56cf4f4769d0f4abc89a4895d7bd3ae1-le32d4.cache-4
7547c000-7547d000 r--s 00000000 08:08 144039     /var/cache/fontconfig/b9d506c9ac06c20b433354fa67a72993-le32d4.cache-4
7547d000-75481000 r--s 00000000 08:08 144038     /var/cache/fontconfig/b47c4e1ecd0709278f4910c18777a504-le32d4.cache-4
75481000-75483000 r--s 00000000 08:08 147886     /var/cache/fontconfig/14d493b97896515cad3840ba4896e372-le32d4.cache-4
75483000-75484000 r--s 00000000 08:08 147885     /var/cache/fontconfig/89034621ae2a8922916bb6bfa5799546-le32d4.cache-4
75484000-75487000 r--s 00000000 08:08 147884     /var/cache/fontconfig/e49e89034d371f0f9de17aab02136486-le32d4.cache-4
75487000-75489000 r--s 00000000 08:08 147883     /var/cache/fontconfig/4b14b093aebc79c320de5e86ae1d3314-le32d4.cache-4
75489000-7548a000 r--s 00000000 08:08 147882     /var/cache/fontconfig/8aec10f4cc8391dcef22ca549f1e4354-le32d4.cache-4
7548a000-7549a000 r--s 00000000 08:08 144045     /var/cache/fontconfig/d52a8644073d54c13679302ca1180695-le32d4.cache-4
7549a000-7549b000 r--s 00000000 08:08 144025     /var/cache/fontconfig/551ecf3b0e8b0bca0f25c0944f561853-le32d4.cache-4
7549b000-7549c000 r--s 00000000 08:08 147881     /var/cache/fontconfig/8a687c406b77f27d99abfeeba937fcce-le32d4.cache-4
7549c000-754a0000 r--s 00000000 08:08 147880     /var/cache/fontconfig/75ad6aa2358a85f0de2c8ee4837e8227-le32d4.cache-4
754a0000-754a8000 r--s 00000000 08:08 144022     /var/cache/fontconfig/3f7329c5293ffd510edef78f73874cfd-le32d4.cache-4
754a8000-754a9000 r--s 00000000 08:08 147879     /var/cache/fontconfig/ac2cf712d852da827a87a9baf682f5b9-le32d4.cache-4
754a9000-754ab000 r--s 00000000 08:08 147878     /var/cache/fontconfig/65f976e5259cbe6dc7697b8648396239-le32d4.cache-4
754ab000-754b4000 r--s 00000000 08:08 142578     /var/cache/fontconfig/d589a48862398ed80a3d6066f4f56f4c-le32d4.cache-4
754b4000-754b7000 r--s 00000000 08:08 147877     /var/cache/fontconfig/246184dc75a16901ca37d96895904249-le32d4.cache-4
754b7000-754b8000 r--s 00000000 08:08 147876     /var/cache/fontconfig/94f7fe9bd33aadfac165873bd010d595-le32d4.cache-4
754b8000-754b9000 r--s 00000000 08:08 147875     /var/cache/fontconfig/423767150eb258c59035de29db6fca84-le32d4.cache-4
754b9000-754ba000 r--s 00000000 08:08 147874     /var/cache/fontconfig/845c20fd2c4814bcec78e05d37a63ccc-le32d4.cache-4
754ba000-754c4000 r--s 00000000 08:08 147870     /var/cache/fontconfig/198d8fcf01c96d0cf813f74fd759bdb7-le32d4.cache-4
754c4000-754cd000 r--s 00000000 08:08 147867     /var/cache/fontconfig/83bf95040141907cd45bb53cf7c1c148-le32d4.cache-4
754cd000-754d3000 r--s 00000000 08:08 147864     /var/cache/fontconfig/53d14c92082a93e67d5078324eb314ca-le32d4.cache-4
754d3000-754e3000 r--s 00000000 08:08 147859     /var/cache/fontconfig/4ac51e5cfbc76fc3f983e470323a16d3-le32d4.cache-4
754e3000-754fb000 r--s 00000000 08:08 147896     /var/cache/fontconfig/e13b20fdb08344e0e664864cc2ede53d-le32d4.cache-4
7556b000-7557e000 r--s 00344000 08:08 323810     /usr/lib/jvm/java-8-oracle/jre/lib/resources.jar
7557e000-75581000 ---p 00000000 00:00 0 
75581000-755cf000 rw-p 00000000 00:00 0 
755cf000-75630000 r-xp 00000000 08:08 323657     /usr/lib/jvm/java-8-oracle/jre/lib/i386/libt2k.so
75630000-75634000 rw-p 00060000 08:08 323657     /usr/lib/jvm/java-8-oracle/jre/lib/i386/libt2k.so
75634000-75638000 rw-p 00000000 00:00 0 
75638000-75647000 r-xp 00000000 08:08 323659     /usr/lib/jvm/java-8-oracle/jre/lib/i386/libnio.so
75647000-75648000 rw-p 0000e000 08:08 323659     /usr/lib/jvm/java-8-oracle/jre/lib/i386/libnio.so
75648000-7565d000 r-xp 00000000 08:08 323624     /usr/lib/jvm/java-8-oracle/jre/lib/i386/libnet.so
7565d000-7565e000 rw-p 00015000 08:08 323624     /usr/lib/jvm/java-8-oracle/jre/lib/i386/libnet.so
7565e000-7575e000 rw-p 00000000 00:00 0 
7575e000-75761000 ---p 00000000 00:00 0 
75761000-757af000 rw-p 00000000 00:00 0 
757af000-757b2000 ---p 00000000 00:00 0 
757b2000-75900000 rw-p 00000000 00:00 0 
75900000-759a7000 rw-p 00000000 00:00 0 
759a7000-75a00000 ---p 00000000 00:00 0 
75a00000-75a03000 r--s 00000000 08:08 147868     /var/cache/fontconfig/75114ca45c98e8a441da0ff356701271-le32d4.cache-4
75a03000-75b03000 rw-p 00000000 00:00 0 
75b03000-75b06000 ---p 00000000 00:00 0 
75b06000-75b54000 rw-p 00000000 00:00 0 
75b54000-75b59000 r-xp 00000000 08:08 1052313    /usr/lib/i386-linux-gnu/libXfixes.so.3.1.0
75b59000-75b5a000 r--p 00004000 08:08 1052313    /usr/lib/i386-linux-gnu/libXfixes.so.3.1.0
75b5a000-75b5b000 rw-p 00005000 08:08 1052313    /usr/lib/i386-linux-gnu/libXfixes.so.3.1.0
75b5b000-75b64000 r-xp 00000000 08:08 1052305    /usr/lib/i386-linux-gnu/libXcursor.so.1.0.2
75b64000-75b65000 r--p 00008000 08:08 1052305    /usr/lib/i386-linux-gnu/libXcursor.so.1.0.2
75b65000-75b66000 rw-p 00009000 08:08 1052305    /usr/lib/i386-linux-gnu/libXcursor.so.1.0.2
75b66000-75b69000 ---p 00000000 00:00 0 
75b69000-75bb7000 rw-p 00000000 00:00 0 
75bb7000-75bd3000 r-xp 00000000 08:08 397691     /lib/i386-linux-gnu/libgcc_s.so.1
75bd3000-75bd4000 rw-p 0001b000 08:08 397691     /lib/i386-linux-gnu/libgcc_s.so.1
75bd4000-75c36000 r-xp 00000000 08:08 323647     /usr/lib/jvm/java-8-oracle/jre/lib/i386/libfontmanager.so
75c36000-75c39000 rw-p 00061000 08:08 323647     /usr/lib/jvm/java-8-oracle/jre/lib/i386/libfontmanager.so
75c39000-75c3d000 rw-p 00000000 00:00 0 
75c3d000-75c42000 r-xp 00000000 08:08 1052309    /usr/lib/i386-linux-gnu/libXdmcp.so.6.0.0
75c42000-75c43000 r--p 00004000 08:08 1052309    /usr/lib/i386-linux-gnu/libXdmcp.so.6.0.0
75c43000-75c44000 rw-p 00005000 08:08 1052309    /usr/lib/i386-linux-gnu/libXdmcp.so.6.0.0
75c44000-75c64000 r-xp 00000000 08:08 1053488    /usr/lib/i386-linux-gnu/libxcb.so.1.1.0
75c64000-75c65000 r--p 0001f000 08:08 1053488    /usr/lib/i386-linux-gnu/libxcb.so.1.1.0
75c65000-75c66000 rw-p 00020000 08:08 1053488    /usr/lib/i386-linux-gnu/libxcb.so.1.1.0
75c66000-75dad000 r-xp 00000000 08:08 1052294    /usr/lib/i386-linux-gnu/libX11.so.6.3.0
75dad000-75dae000 r--p 00146000 08:08 1052294    /usr/lib/i386-linux-gnu/libX11.so.6.3.0
75dae000-75db0000 rw-p 00147000 08:08 1052294    /usr/lib/i386-linux-gnu/libX11.so.6.3.0
75db0000-75db1000 rw-p 00000000 00:00 0 
75db1000-75dfd000 r-xp 00000000 08:08 323632     /usr/lib/jvm/java-8-oracle/jre/lib/i386/libawt_xawt.so
75dfd000-75dff000 rw-p 0004c000 08:08 323632     /usr/lib/jvm/java-8-oracle/jre/lib/i386/libawt_xawt.so
75dff000-75e00000 rw-p 00000000 00:00 0 
75e00000-75ef9000 rw-p 00000000 00:00 0 
75ef9000-75f00000 ---p 00000000 00:00 0 
75f00000-75f01000 r--s 00000000 08:08 147873     /var/cache/fontconfig/e7de81b01590fb7e12b38e274e17d0db-le32d4.cache-4
75f01000-75f02000 r--s 00000000 08:08 147872     /var/cache/fontconfig/406a1d2d2bf3ed7664fbadefac0b2f66-le32d4.cache-4
75f02000-75f05000 r--s 00000000 08:08 147863     /var/cache/fontconfig/6c08beecf0dac481ec92e759e0c2e6d7-le32d4.cache-4
75f05000-75f15000 r-xp 00000000 08:08 1052319    /usr/lib/i386-linux-gnu/libXi.so.6.1.0
75f15000-75f16000 r--p 00010000 08:08 1052319    /usr/lib/i386-linux-gnu/libXi.so.6.1.0
75f16000-75f17000 rw-p 00011000 08:08 1052319    /usr/lib/i386-linux-gnu/libXi.so.6.1.0
75f17000-75f1c000 r-xp 00000000 08:08 1052339    /usr/lib/i386-linux-gnu/libXtst.so.6.1.0
75f1c000-75f1d000 r--p 00004000 08:08 1052339    /usr/lib/i386-linux-gnu/libXtst.so.6.1.0
75f1d000-75f1e000 rw-p 00005000 08:08 1052339    /usr/lib/i386-linux-gnu/libXtst.so.6.1.0
75f1e000-75f28000 r-xp 00000000 08:08 1052333    /usr/lib/i386-linux-gnu/libXrender.so.1.3.0
75f28000-75f29000 r--p 00009000 08:08 1052333    /usr/lib/i386-linux-gnu/libXrender.so.1.3.0
75f29000-75f2a000 rw-p 0000a000 08:08 1052333    /usr/lib/i386-linux-gnu/libXrender.so.1.3.0
75f2a000-75fb0000 r-xp 00000000 08:08 323671     /usr/lib/jvm/java-8-oracle/jre/lib/i386/libawt.so
75fb0000-75fb7000 rw-p 00086000 08:08 323671     /usr/lib/jvm/java-8-oracle/jre/lib/i386/libawt.so
75fb7000-75fdb000 rw-p 00000000 00:00 0 
75fdb000-75fdc000 ---p 00000000 00:00 0 
75fdc000-7605c000 rw-p 00000000 00:00 0 
7605c000-7605f000 ---p 00000000 00:00 0 
7605f000-760ad000 rw-p 00000000 00:00 0 
760ad000-760b0000 ---p 00000000 00:00 0 
760b0000-7612e000 rw-p 00000000 00:00 0 
7612e000-76131000 ---p 00000000 00:00 0 
76131000-761af000 rw-p 00000000 00:00 0 
761af000-761b2000 ---p 00000000 00:00 0 
761b2000-76200000 rw-p 00000000 00:00 0 
76200000-76400000 r--p 00000000 08:08 1056310    /usr/lib/locale/locale-archive
76400000-76500000 rw-p 00000000 00:00 0 
76500000-76502000 r--s 00000000 08:08 147871     /var/cache/fontconfig/67709b7835c0f764c1135060c9575660-le32d4.cache-4
76502000-76505000 r--s 00000000 08:08 147862     /var/cache/fontconfig/4d6aee6d44eccb37054d3216e945f618-le32d4.cache-4
76505000-76508000 ---p 00000000 00:00 0 
76508000-76556000 rw-p 00000000 00:00 0 
76556000-76557000 ---p 00000000 00:00 0 
76557000-765d7000 rw-p 00000000 00:00 0 
765d7000-767b0000 r--s 03d1f000 08:08 323595     /usr/lib/jvm/java-8-oracle/jre/lib/rt.jar
767b0000-76bf6000 rw-p 00000000 00:00 0 
76bf6000-76bfc000 ---p 00000000 00:00 0 
76bfc000-78600000 rw-p 00000000 00:00 0 
78600000-786fd000 rw-p 00000000 00:00 0 
786fd000-78700000 ---p 00000000 00:00 0 
78700000-78702000 r--s 00000000 08:08 147866     /var/cache/fontconfig/6e6b34ae150a7ad95e82fb4a522f0bda-le32d4.cache-4
78702000-78705000 r--s 00000000 08:08 147861     /var/cache/fontconfig/d6c6df98c3df5faf9bd0f8ef4d91efe5-le32d4.cache-4
78705000-78708000 ---p 00000000 00:00 0 
78708000-78800000 rw-p 00000000 00:00 0 
78800000-78821000 rw-p 00000000 00:00 0 
78821000-78900000 ---p 00000000 00:00 0 
78900000-78913000 r-xp 00000000 08:08 1052311    /usr/lib/i386-linux-gnu/libXext.so.6.4.0
78913000-78914000 r--p 00012000 08:08 1052311    /usr/lib/i386-linux-gnu/libXext.so.6.4.0
78914000-78915000 rw-p 00013000 08:08 1052311    /usr/lib/i386-linux-gnu/libXext.so.6.4.0
78915000-78916000 ---p 00000000 00:00 0 
78916000-789a6000 rw-p 00000000 00:00 0 
789a6000-78a8d000 ---p 00000000 00:00 0 
78a8d000-78a9d000 rw-p 00000000 00:00 0 
78a9d000-78b83000 ---p 00000000 00:00 0 
78b83000-78b8c000 rw-p 00000000 00:00 0 
78b8c000-78bff000 ---p 00000000 00:00 0 
78bff000-7ac00000 rw-p 00000000 00:00 0 
7ac00000-97980000 ---p 00000000 00:00 0 
97980000-98980000 rw-p 00000000 00:00 0 
98980000-a7000000 ---p 00000000 00:00 0 
a7000000-a7001000 r--s 00000000 08:08 144014     /var/cache/fontconfig/0c9eb80ebd1c36541ebe2852d3bb0c49-le32d4.cache-4
a7001000-a7002000 r--s 00000000 08:08 147865     /var/cache/fontconfig/3334a778d104e76d188e9df399bc24d2-le32d4.cache-4
a7002000-a7005000 r--s 00000000 08:08 147860     /var/cache/fontconfig/9fb319ef52839f11ee26ab8b4cffa12b-le32d4.cache-4
a7005000-a7007000 r--s 00000000 08:08 147858     /var/cache/fontconfig/c19b55eb3b4c5b40ea175e31682068a5-le32d4.cache-4
a7007000-a700b000 r--s 00000000 08:08 147856     /var/cache/fontconfig/3629f2adf904f9a612908891fae71ceb-le32d4.cache-4
a700b000-a700e000 r--s 00000000 08:08 147855     /var/cache/fontconfig/de83a0a961185c8bd1f159015d56c039-le32d4.cache-4
a700e000-a7012000 r--s 00000000 08:08 134673     /var/cache/fontconfig/7ef2298fde41cc6eeb7af42e48b7d293-le32d4.cache-4
a7012000-a7014000 r--s 00000000 08:08 147266     /var/cache/fontconfig/16326683038b281783a0ef8c680e3a10-le32d4.cache-4
a7014000-a701e000 r--s 00000000 08:08 142760     /var/cache/fontconfig/8f02d4cb045bd6ce15663e43f347c9f8-le32d4.cache-4
a701e000-a7034000 r--s 00000000 08:08 142562     /var/cache/fontconfig/467c019e582ee353435ea5c21d137ef6-le32d4.cache-4
a7034000-a703a000 r--s 002f8000 08:08 323681     /usr/lib/jvm/java-8-oracle/jre/lib/charsets.jar
a703a000-a703b000 ---p 00000000 00:00 0 
a703b000-a70c4000 rw-p 00000000 00:00 0 
a70c4000-a747b000 ---p 00000000 00:00 0 
a747b000-a76bb000 rwxp 00000000 00:00 0 
a76bb000-b647b000 ---p 00000000 00:00 0 
b647b000-b6487000 r-xp 00000000 08:08 393661     /lib/i386-linux-gnu/libnss_files-2.21.so
b6487000-b6488000 r--p 0000b000 08:08 393661     /lib/i386-linux-gnu/libnss_files-2.21.so
b6488000-b6489000 rw-p 0000c000 08:08 393661     /lib/i386-linux-gnu/libnss_files-2.21.so
b6489000-b64a0000 r-xp 00000000 08:08 393655     /lib/i386-linux-gnu/libnsl-2.21.so
b64a0000-b64a1000 r--p 00016000 08:08 393655     /lib/i386-linux-gnu/libnsl-2.21.so
b64a1000-b64a2000 rw-p 00017000 08:08 393655     /lib/i386-linux-gnu/libnsl-2.21.so
b64a2000-b64a4000 rw-p 00000000 00:00 0 
b64a4000-b64a5000 r--s 00000000 08:08 147857     /var/cache/fontconfig/c277e94e32b20404286a1ddafa5a80f0-le32d4.cache-4
b64a5000-b64a6000 r--s 00000000 08:08 142756     /var/cache/fontconfig/e0aa53bcfa504e64f87823c16bc01eb6-le32d4.cache-4
b64a6000-b64b8000 rw-p 00000000 00:00 0 
b64b8000-b64d1000 r-xp 00000000 08:08 323625     /usr/lib/jvm/java-8-oracle/jre/lib/i386/libzip.so
b64d1000-b64d2000 rw-p 00019000 08:08 323625     /usr/lib/jvm/java-8-oracle/jre/lib/i386/libzip.so
b64d2000-b64f6000 r-xp 00000000 08:08 323640     /usr/lib/jvm/java-8-oracle/jre/lib/i386/libjava.so
b64f6000-b64f7000 rw-p 00023000 08:08 323640     /usr/lib/jvm/java-8-oracle/jre/lib/i386/libjava.so
b64f7000-b64fe000 r-xp 00000000 08:08 393716     /lib/i386-linux-gnu/librt-2.21.so
b64fe000-b64ff000 r--p 00006000 08:08 393716     /lib/i386-linux-gnu/librt-2.21.so
b64ff000-b6500000 rw-p 00007000 08:08 393716     /lib/i386-linux-gnu/librt-2.21.so
b6500000-b65f8000 rw-p 00000000 00:00 0 
b65f8000-b6600000 ---p 00000000 00:00 0 
b6600000-b6602000 r-xp 00000000 08:08 1052298    /usr/lib/i386-linux-gnu/libXau.so.6.0.0
b6602000-b6603000 r--p 00001000 08:08 1052298    /usr/lib/i386-linux-gnu/libXau.so.6.0.0
b6603000-b6604000 rw-p 00002000 08:08 1052298    /usr/lib/i386-linux-gnu/libXau.so.6.0.0
b6604000-b6607000 ---p 00000000 00:00 0 
b6607000-b6655000 rw-p 00000000 00:00 0 
b6655000-b66a0000 r-xp 00000000 08:08 393634     /lib/i386-linux-gnu/libm-2.21.so
b66a0000-b66a1000 r--p 0004a000 08:08 393634     /lib/i386-linux-gnu/libm-2.21.so
b66a1000-b66a2000 rw-p 0004b000 08:08 393634     /lib/i386-linux-gnu/libm-2.21.so
b66a2000-b7025000 r-xp 00000000 08:08 323646     /usr/lib/jvm/java-8-oracle/jre/lib/i386/server/libjvm.so
b7025000-b7092000 rw-p 00983000 08:08 323646     /usr/lib/jvm/java-8-oracle/jre/lib/i386/server/libjvm.so
b7092000-b74bb000 rw-p 00000000 00:00 0 
b74bb000-b766f000 r-xp 00000000 08:08 393575     /lib/i386-linux-gnu/libc-2.21.so
b766f000-b7672000 r--p 001b3000 08:08 393575     /lib/i386-linux-gnu/libc-2.21.so
b7672000-b7674000 rw-p 001b6000 08:08 393575     /lib/i386-linux-gnu/libc-2.21.so
b7674000-b7676000 rw-p 00000000 00:00 0 
b7676000-b7679000 r-xp 00000000 08:08 393592     /lib/i386-linux-gnu/libdl-2.21.so
b7679000-b767a000 r--p 00002000 08:08 393592     /lib/i386-linux-gnu/libdl-2.21.so
b767a000-b767b000 rw-p 00003000 08:08 393592     /lib/i386-linux-gnu/libdl-2.21.so
b767b000-b768f000 r-xp 00000000 08:08 323677     /usr/lib/jvm/java-8-oracle/jre/lib/i386/jli/libjli.so
b768f000-b7690000 rw-p 00014000 08:08 323677     /usr/lib/jvm/java-8-oracle/jre/lib/i386/jli/libjli.so
b7690000-b7691000 rw-p 00000000 00:00 0 
b7691000-b76aa000 r-xp 00000000 08:08 393708     /lib/i386-linux-gnu/libpthread-2.21.so
b76aa000-b76ab000 r--p 00018000 08:08 393708     /lib/i386-linux-gnu/libpthread-2.21.so
b76ab000-b76ac000 rw-p 00019000 08:08 393708     /lib/i386-linux-gnu/libpthread-2.21.so
b76ac000-b76ae000 rw-p 00000000 00:00 0 
b76ae000-b76af000 r--p 005db000 08:08 1056310    /usr/lib/locale/locale-archive
b76af000-b76b7000 rw-s 00000000 08:08 918242     /tmp/hsperfdata_raimanish/19585
b76b7000-b76c2000 r-xp 00000000 08:08 393671     /lib/i386-linux-gnu/libnss_nis-2.21.so
b76c2000-b76c3000 r--p 0000a000 08:08 393671     /lib/i386-linux-gnu/libnss_nis-2.21.so
b76c3000-b76c4000 rw-p 0000b000 08:08 393671     /lib/i386-linux-gnu/libnss_nis-2.21.so
b76c4000-b76cc000 r-xp 00000000 08:08 393657     /lib/i386-linux-gnu/libnss_compat-2.21.so
b76cc000-b76cd000 r--p 00007000 08:08 393657     /lib/i386-linux-gnu/libnss_compat-2.21.so
b76cd000-b76ce000 rw-p 00008000 08:08 393657     /lib/i386-linux-gnu/libnss_compat-2.21.so
b76ce000-b76cf000 rw-p 00000000 00:00 0 
b76cf000-b76d0000 r--p 00000000 00:00 0 
b76d0000-b76db000 r-xp 00000000 08:08 323663     /usr/lib/jvm/java-8-oracle/jre/lib/i386/libverify.so
b76db000-b76dc000 rw-p 0000b000 08:08 323663     /usr/lib/jvm/java-8-oracle/jre/lib/i386/libverify.so
b76dc000-b76de000 rw-p 00000000 00:00 0 
b76de000-b76e0000 r--p 00000000 00:00 0          [vvar]
b76e0000-b76e1000 r-xp 00000000 00:00 0          [vdso]
b76e1000-b7703000 r-xp 00000000 08:08 393547     /lib/i386-linux-gnu/ld-2.21.so
b7703000-b7704000 r--p 00021000 08:08 393547     /lib/i386-linux-gnu/ld-2.21.so
b7704000-b7705000 rw-p 00022000 08:08 393547     /lib/i386-linux-gnu/ld-2.21.so
bf7f6000-bf7f7000 rwxp 00000000 00:00 0 
bf828000-bf84a000 rw-p 00000000 00:00 0          [stack]

VM Arguments:
java_command: ClientTest
java_class_path (initial): .
Launcher Type: SUN_STANDARD

Environment Variables:
JAVA_HOME=/usr/lib/jvm/java-8-oracle
PATH=/home/raimanish/.bashfiles:/home/raimanish/catkin_ws/devel/bin:/opt/ros/jade/bin:/home/raimanish/bin:/usr/local/sbin:/usr/local/bin:/usr/sbin:/usr/bin:/sbin:/bin:/usr/games:/usr/local/games:/usr/lib/jvm/java-8-oracle/bin:/usr/lib/jvm/java-8-oracle/db/bin:/usr/lib/jvm/java-8-oracle/jre/bin
LD_LIBRARY_PATH=/home/raimanish/catkin_ws/devel/lib:/home/raimanish/catkin_ws/devel/lib/i386-linux-gnu:/opt/ros/jade/lib:/opt/ros/jade/lib/i386-linux-gnu
SHELL=/bin/bash
DISPLAY=:0

Signal Handlers:
SIGSEGV: [libjvm.so+0x8d0a60], sa_mask[0]=11111111011111111101111111111110, sa_flags=SA_RESTART|SA_SIGINFO
SIGBUS: [libjvm.so+0x8d0a60], sa_mask[0]=11111111011111111101111111111110, sa_flags=SA_RESTART|SA_SIGINFO
SIGFPE: [libjvm.so+0x7503b0], sa_mask[0]=11111111011111111101111111111110, sa_flags=SA_RESTART|SA_SIGINFO
SIGPIPE: [libjvm.so+0x7503b0], sa_mask[0]=11111111011111111101111111111110, sa_flags=SA_RESTART|SA_SIGINFO
SIGXFSZ: [libjvm.so+0x7503b0], sa_mask[0]=11111111011111111101111111111110, sa_flags=SA_RESTART|SA_SIGINFO
SIGILL: [libjvm.so+0x7503b0], sa_mask[0]=11111111011111111101111111111110, sa_flags=SA_RESTART|SA_SIGINFO
SIGUSR1: SIG_DFL, sa_mask[0]=00000000000000000000000000000000, sa_flags=none
SIGUSR2: [libjvm.so+0x751a30], sa_mask[0]=00000000000000000000000000000000, sa_flags=SA_RESTART|SA_SIGINFO
SIGHUP: [libjvm.so+0x752ee0], sa_mask[0]=11111111011111111101111111111110, sa_flags=SA_RESTART|SA_SIGINFO
SIGINT: [libjvm.so+0x752ee0], sa_mask[0]=11111111011111111101111111111110, sa_flags=SA_RESTART|SA_SIGINFO
SIGTERM: [libjvm.so+0x752ee0], sa_mask[0]=11111111011111111101111111111110, sa_flags=SA_RESTART|SA_SIGINFO
SIGQUIT: [libjvm.so+0x752ee0], sa_mask[0]=11111111011111111101111111111110, sa_flags=SA_RESTART|SA_SIGINFO


---------------  S Y S T E M  ---------------

OS:DISTRIB_ID=Ubuntu
DISTRIB_RELEASE=15.04
DISTRIB_CODENAME=vivid
DISTRIB_DESCRIPTION="Ubuntu 15.04"

uname:Linux 3.19.0-61-generic #69-Ubuntu SMP Wed Jun 8 21:37:04 UTC 2016 i686
libc:glibc 2.21 NPTL 2.21 
rlimit: STACK 8192k, CORE 0k, NPROC 23502, NOFILE 65536, AS infinity
load average:2.20 1.77 1.68

/proc/meminfo:
MemTotal:        3029208 kB
MemFree:          899628 kB
MemAvailable:    2041996 kB
Buffers:          251308 kB
Cached:          1294244 kB
SwapCached:          752 kB
Active:          1125368 kB
Inactive:         903512 kB
Active(anon):     456052 kB
Inactive(anon):   292596 kB
Active(file):     669316 kB
Inactive(file):   610916 kB
Unevictable:          88 kB
Mlocked:              88 kB
HighTotal:       2159856 kB
HighFree:         688368 kB
LowTotal:         869352 kB
LowFree:          211260 kB
SwapTotal:       3070972 kB
SwapFree:        3064680 kB
Dirty:              1504 kB
Writeback:             0 kB
AnonPages:        478100 kB
Mapped:           195392 kB
Shmem:            265636 kB
Slab:              69836 kB
SReclaimable:      49872 kB
SUnreclaim:        19964 kB
KernelStack:        2328 kB
PageTables:         7024 kB
NFS_Unstable:          0 kB
Bounce:                0 kB
WritebackTmp:          0 kB
CommitLimit:     4585576 kB
Committed_AS:    3399476 kB
VmallocTotal:     122880 kB
VmallocUsed:       16348 kB
VmallocChunk:     104088 kB
AnonHugePages:    309248 kB
CmaTotal:              0 kB
CmaFree:               0 kB
HugePages_Total:       0
HugePages_Free:        0
HugePages_Rsvd:        0
HugePages_Surp:        0
Hugepagesize:       2048 kB
DirectMap4k:       51192 kB
DirectMap2M:      862208 kB


CPU:total 2 (2 cores per cpu, 1 threads per core) family 6 model 23 stepping 10, cmov, cx8, fxsr, mmx, sse, sse2, sse3, ssse3, sse4.1, tsc

/proc/cpuinfo:
processor	: 0
vendor_id	: GenuineIntel
cpu family	: 6
model		: 23
model name	: Intel(R) Core(TM)2 Duo CPU     T6400  @ 2.00GHz
stepping	: 10
microcode	: 0xa0b
cpu MHz		: 1200.000
cache size	: 2048 KB
physical id	: 0
siblings	: 2
core id		: 0
cpu cores	: 2
apicid		: 0
initial apicid	: 0
fdiv_bug	: no
f00f_bug	: no
coma_bug	: no
fpu		: yes
fpu_exception	: yes
cpuid level	: 13
wp		: yes
flags		: fpu vme de pse tsc msr pae mce cx8 apic sep mtrr pge mca cmov pat pse36 clflush dts acpi mmx fxsr sse sse2 ss ht tm pbe nx lm constant_tsc arch_perfmon pebs bts aperfmperf pni dtes64 monitor ds_cpl est tm2 ssse3 cx16 xtpr pdcm sse4_1 xsave lahf_lm dtherm
bugs		:
bogomips	: 3989.96
clflush size	: 64
cache_alignment	: 64
address sizes	: 36 bits physical, 48 bits virtual
power management:

processor	: 1
vendor_id	: GenuineIntel
cpu family	: 6
model		: 23
model name	: Intel(R) Core(TM)2 Duo CPU     T6400  @ 2.00GHz
stepping	: 10
microcode	: 0xa0b
cpu MHz		: 1200.000
cache size	: 2048 KB
physical id	: 0
siblings	: 2
core id		: 1
cpu cores	: 2
apicid		: 1
initial apicid	: 1
fdiv_bug	: no
f00f_bug	: no
coma_bug	: no
fpu		: yes
fpu_exception	: yes
cpuid level	: 13
wp		: yes
flags		: fpu vme de pse tsc msr pae mce cx8 apic sep mtrr pge mca cmov pat pse36 clflush dts acpi mmx fxsr sse sse2 ss ht tm pbe nx lm constant_tsc arch_perfmon pebs bts aperfmperf pni dtes64 monitor ds_cpl est tm2 ssse3 cx16 xtpr pdcm sse4_1 xsave lahf_lm dtherm
bugs		:
bogomips	: 3989.96
clflush size	: 64
cache_alignment	: 64
address sizes	: 36 bits physical, 48 bits virtual
power management:



Memory: 4k page, physical 3029208k(899628k free), swap 3070972k(3064680k free)

vm_info: Java HotSpot(TM) Server VM (25.91-b14) for linux-x86 JRE (1.8.0_91-b14), built on Apr  1 2016 01:01:13 by "java_re" with gcc 4.3.0 20080428 (Red Hat 4.3.0-8)

time: Thu Dec 15 23:08:50 2016
elapsed time: 261 seconds (0d 0h 4m 21s)

